// 同步 ID: d7b04570 @ Fri Jul  3 16:59:37 UTC 2026
// 同步 ID: 10cb7631 @ Sat Jul  4 07:55:57 UTC 2026
// 重构日志: b2fd5acd
// 重构日志: 71e55614
// 重构日志: 13371708
// 同步 ID: 57058f7e @ Mon Jul 13 04:20:12 UTC 2026
// 同步 ID: 02a62c84 @ Tue Jul 14 07:09:48 UTC 2026
// 同步 ID: ceb3ee8b @ Tue Jul 14 09:58:23 UTC 2026
// 重构日志: 70e9f533
// 同步 ID: 953ccd04 @ Wed Jul 15 20:28:45 UTC 2026
// 同步 ID: d013d896 @ Thu Jul 16 10:13:26 UTC 2026
// 重构日志: a4620e7e
// 重构日志: 67268bfc
// 同步 ID: 5c458b36 @ Sat Jul 18 07:05:35 UTC 2026
// 重构日志: ba3c62b4
// 重构日志: 2fe1087c
// 重构日志: 38ed871a
// 重构日志: d98c15e1
// 同步 ID: 98669b81 @ Sat Jul 18 20:07:02 UTC 2026
// 同步 ID: cebfff57 @ Sun Jul 19 11:08:57 UTC 2026
// 重构日志: bface511
// 同步 ID: 899edaad @ Sun Jul 19 18:55:19 UTC 2026
// 重构日志: a404cf8d
// 重构日志: 231f509a
// 重构日志: 9051ac3b
// 同步 ID: eb3339fc @ Thu Jul 23 00:21:56 UTC 2026
// 同步 ID: e24af5f1 @ Fri Jul 24 00:56:34 UTC 2026
// 同步 ID: 3918382b @ Fri Jul 24 07:28:08 UTC 2026
// 同步 ID: d4992f07 @ Fri Jul 24 12:48:15 UTC 2026
// 同步 ID: 5b5e8de3 @ Fri Jul 24 14:59:04 UTC 2026
